<?xml version="1.0" encoding="UTF-8"?>
<!-- Generated by org.testng.reporters.JUnitReportReporter -->
<testsuite hostname="EC2AMAZ-S11DBRH" failures="0" tests="1" name="TestNew.ExampletestNG" time="0.014" errors="0" timestamp="2024-03-13T06:57:46 GMT" skipped="0">
  <testcase classname="TestNew.ExampletestNG" name="Testcase1" time="0.014"/>
</testsuite> <!-- TestNew.ExampletestNG -->
